<?xml version="1.0" encoding="utf-8"?><testsuites name="pytest tests"><testsuite name="pytest" errors="0" failures="0" skipped="0" tests="9" time="1.040" timestamp="2026-05-20T13:40:46.847275+00:00" hostname="agent-env-915369e1-9b43-46ad-8f22-deceb2dc254c"><testcase classname="backend.tests.backend_test" name="test_root_ok" time="0.305" /><testcase classname="backend.tests.backend_test" name="test_leaderboard_get_sorted_desc" time="0.051" /><testcase classname="backend.tests.backend_test" name="test_leaderboard_limit_capped" time="0.053" /><testcase classname="backend.tests.backend_test" name="test_seed_idempotent" time="0.048" /><testcase classname="backend.tests.backend_test" name="test_submit_score_persists" time="0.159" /><testcase classname="backend.tests.backend_test" name="test_negative_score_rejected" time="0.051" /><testcase classname="backend.tests.backend_test" name="test_empty_player_name_rejected" time="0.046" /><testcase classname="backend.tests.backend_test" name="test_delete_invalid_returns_404" time="0.052" /><testcase classname="backend.tests.backend_test" name="test_delete_valid_entry" time="0.142" /></testsuite></testsuites>